<?xml version="1.0" encoding="UTF-8"?>
<!-- Generated by org.testng.reporters.JUnitReportReporter -->
<testsuite skipped="0" hostname="DESKTOP-JR8G3T8" name="Selenium.E2EAutomation.HomePage" tests="2" failures="0" timestamp="08 Feb 2022 15:35:40 GMT" time="105.897" errors="0">
  <testcase name="homepageNavigation" time="85.781" classname="Selenium.E2EAutomation.HomePage"/>
  <testcase name="homepageNavigation" time="20.116" classname="Selenium.E2EAutomation.HomePage"/>
</testsuite> <!-- Selenium.E2EAutomation.HomePage -->
