<?xml version="1.0" encoding="UTF-8"?>
<!-- Generated by org.testng.reporters.JUnitReportReporter -->
<testsuite skipped="0" hostname="DESKTOP-JR8G3T8" name="Selenium.E2EAutomation.validateNavigationBar" tests="1" failures="0" timestamp="08 Feb 2022 14:51:39 GMT" time="0.093" errors="0">
  <testcase name="validateNavBar" time="0.093" classname="Selenium.E2EAutomation.validateNavigationBar"/>
</testsuite> <!-- Selenium.E2EAutomation.validateNavigationBar -->
