<?xml version="1.0" encoding="UTF-8"?>
<!-- Generated by org.testng.reporters.JUnitReportReporter -->
<testsuite skipped="0" hostname="DESKTOP-JR8G3T8" name="Selenium.E2EAutomation.validateTitle" tests="1" failures="0" timestamp="2022-02-08T18:06:56 IST" time="0.087" errors="0">
  <testcase name="validateAppTitle" time="0.087" classname="Selenium.E2EAutomation.validateTitle"/>
  <system-out/>
</testsuite> <!-- Selenium.E2EAutomation.validateTitle -->
