<?xml version="1.0" encoding="UTF-8"?>
<!-- Generated by org.testng.reporters.JUnitReportReporter -->
<testsuite skipped="0" hostname="DESKTOP-JR8G3T8" name="Selenium.E2EAutomation.validateNavigationBar" tests="1" failures="0" timestamp="2022-02-03T15:57:41 IST" time="0.074" errors="0">
  <testcase name="validateNavBar" time="0.074" classname="Selenium.E2EAutomation.validateNavigationBar"/>
  <system-out/>
</testsuite> <!-- Selenium.E2EAutomation.validateNavigationBar -->
